<?xml version="1.0" encoding="UTF-8"?>
<!-- Generated by org.testng.reporters.JUnitXMLReporter -->
<testsuite hostname="DESKTOP-OKPA912" ignored="0" name="Default test" tests="4" failures="0" timestamp="2020-04-29T22:02:49 EET" time="9.992" errors="0">
  <testcase name="restApiLoginnTest" time="6.195" classname="tests.RestAssuredLoginTest"/>
  <testcase name="restApiLoginnTest" time="0.974" classname="tests.RestAssuredLoginTest"/>
  <testcase name="restApiLoginnTest" time="0.903" classname="tests.RestAssuredLoginTest"/>
  <testcase name="restApiLoginnTest" time="0.849" classname="tests.RestAssuredLoginTest"/>
</testsuite> <!-- Default test -->
