<?xml version="1.0" encoding="UTF-8"?>
<!-- Generated by org.testng.reporters.JUnitXMLReporter -->
<testsuite hostname="DESKTOP-OKPA912" ignored="0" name="All" tests="52" failures="0" timestamp="2020-04-30T16:46:53 EET" time="465.834" errors="0">
  <testcase name="testRegisteration" time="18.565" classname="tests.SeleniumRegisterationTest"/>
  <testcase name="testRegisteration" time="16.974" classname="tests.SeleniumRegisterationTest"/>
  <testcase name="testRegisteration" time="15.106" classname="tests.SeleniumRegisterationTest"/>
  <testcase name="testRegisteration" time="14.371" classname="tests.SeleniumRegisterationTest"/>
  <testcase name="testRegisteration" time="23.64" classname="tests.SeleniumRegisterationTest"/>
  <testcase name="testRegisteration" time="16.327" classname="tests.SeleniumRegisterationTest"/>
  <testcase name="testRegisteration" time="14.752" classname="tests.SeleniumRegisterationTest"/>
  <testcase name="testRegisteration" time="18.572" classname="tests.SeleniumRegisterationTest"/>
  <testcase name="testRegisteration" time="23.472" classname="tests.SeleniumRegisterationTest"/>
  <testcase name="testRegisteration" time="20.693" classname="tests.SeleniumRegisterationTest"/>
  <testcase name="testRegisteration" time="21.067" classname="tests.SeleniumRegisterationTest"/>
  <testcase name="testRegisteration" time="16.518" classname="tests.SeleniumRegisterationTest"/>
  <testcase name="testRegisteration" time="20.12" classname="tests.SeleniumRegisterationTest"/>
  <testcase name="testRegisteration" time="17.662" classname="tests.SeleniumRegisterationTest"/>
  <testcase name="testRegisteration" time="15.451" classname="tests.SeleniumRegisterationTest"/>
  <testcase name="testRegisteration" time="14.327" classname="tests.SeleniumRegisterationTest"/>
  <testcase name="testRegisteration" time="13.844" classname="tests.SeleniumRegisterationTest"/>
  <testcase name="testRegisteration" time="13.986" classname="tests.SeleniumRegisterationTest"/>
  <testcase name="testRegisteration" time="16.004" classname="tests.SeleniumRegisterationTest"/>
  <testcase name="testRegisteration" time="14.454" classname="tests.SeleniumRegisterationTest"/>
  <testcase name="testRegisteration" time="14.109" classname="tests.SeleniumRegisterationTest"/>
  <testcase name="testRegisteration" time="13.752" classname="tests.SeleniumRegisterationTest"/>
  <testcase name="testLogin" time="13.339" classname="tests.SeleniumLoginTest"/>
  <testcase name="testLogin" time="15.544" classname="tests.SeleniumLoginTest"/>
  <testcase name="testLogin" time="14.883" classname="tests.SeleniumLoginTest"/>
  <testcase name="testLogin" time="13.539" classname="tests.SeleniumLoginTest"/>
  <testcase name="restApiRegisterationTest" time="9.857" classname="tests.RestAssuredRegisterationTest"/>
  <testcase name="restApiRegisterationTest" time="0.79" classname="tests.RestAssuredRegisterationTest"/>
  <testcase name="restApiRegisterationTest" time="0.836" classname="tests.RestAssuredRegisterationTest"/>
  <testcase name="restApiRegisterationTest" time="0.986" classname="tests.RestAssuredRegisterationTest"/>
  <testcase name="restApiRegisterationTest" time="0.807" classname="tests.RestAssuredRegisterationTest"/>
  <testcase name="restApiRegisterationTest" time="0.805" classname="tests.RestAssuredRegisterationTest"/>
  <testcase name="restApiRegisterationTest" time="0.826" classname="tests.RestAssuredRegisterationTest"/>
  <testcase name="restApiRegisterationTest" time="0.822" classname="tests.RestAssuredRegisterationTest"/>
  <testcase name="restApiRegisterationTest" time="0.806" classname="tests.RestAssuredRegisterationTest"/>
  <testcase name="restApiRegisterationTest" time="0.803" classname="tests.RestAssuredRegisterationTest"/>
  <testcase name="restApiRegisterationTest" time="0.84" classname="tests.RestAssuredRegisterationTest"/>
  <testcase name="restApiRegisterationTest" time="0.8" classname="tests.RestAssuredRegisterationTest"/>
  <testcase name="restApiRegisterationTest" time="0.901" classname="tests.RestAssuredRegisterationTest"/>
  <testcase name="restApiRegisterationTest" time="0.534" classname="tests.RestAssuredRegisterationTest"/>
  <testcase name="restApiRegisterationTest" time="0.81" classname="tests.RestAssuredRegisterationTest"/>
  <testcase name="restApiRegisterationTest" time="0.841" classname="tests.RestAssuredRegisterationTest"/>
  <testcase name="restApiRegisterationTest" time="0.793" classname="tests.RestAssuredRegisterationTest"/>
  <testcase name="restApiRegisterationTest" time="0.765" classname="tests.RestAssuredRegisterationTest"/>
  <testcase name="restApiRegisterationTest" time="0.798" classname="tests.RestAssuredRegisterationTest"/>
  <testcase name="restApiRegisterationTest" time="0.839" classname="tests.RestAssuredRegisterationTest"/>
  <testcase name="restApiRegisterationTest" time="0.772" classname="tests.RestAssuredRegisterationTest"/>
  <testcase name="restApiRegisterationTest" time="0.782" classname="tests.RestAssuredRegisterationTest"/>
  <testcase name="restApiLoginnTest" time="0.787" classname="tests.RestAssuredLoginTest"/>
  <testcase name="restApiLoginnTest" time="0.785" classname="tests.RestAssuredLoginTest"/>
  <testcase name="restApiLoginnTest" time="0.843" classname="tests.RestAssuredLoginTest"/>
  <testcase name="restApiLoginnTest" time="0.807" classname="tests.RestAssuredLoginTest"/>
</testsuite> <!-- All -->
